<?xml version="1.0" encoding="UTF-8"?>
<testsuite xmlns:xsi="http://www.w3.org/2001/XMLSchema-instance" xsi:noNamespaceSchemaLocation="https://maven.apache.org/surefire/maven-surefire-plugin/xsd/surefire-test-report-3.0.xsd" version="3.0" name="TestSuite" time="3.356" tests="2" errors="0" skipped="0" failures="0">
  <properties>
    <property name="java.specification.version" value="17"/>
    <property name="sun.jnu.encoding" value="UTF-8"/>
    <property name="java.class.path" value="/Users/sangram.das/GIT/RestAssueredAutomationJenkins/target/test-classes:/Users/sangram.das/GIT/RestAssueredAutomationJenkins/target/classes:/Users/sangram.das/.m2/repository/io/rest-assured/rest-assured/5.3.0/rest-assured-5.3.0.jar:/Users/sangram.das/.m2/repository/org/apache/groovy/groovy/4.0.6/groovy-4.0.6.jar:/Users/sangram.das/.m2/repository/org/apache/groovy/groovy-xml/4.0.6/groovy-xml-4.0.6.jar:/Users/sangram.das/.m2/repository/org/apache/httpcomponents/httpclient/4.5.13/httpclient-4.5.13.jar:/Users/sangram.das/.m2/repository/org/apache/httpcomponents/httpcore/4.4.13/httpcore-4.4.13.jar:/Users/sangram.das/.m2/repository/commons-logging/commons-logging/1.2/commons-logging-1.2.jar:/Users/sangram.das/.m2/repository/commons-codec/commons-codec/1.11/commons-codec-1.11.jar:/Users/sangram.das/.m2/repository/org/apache/httpcomponents/httpmime/4.5.13/httpmime-4.5.13.jar:/Users/sangram.das/.m2/repository/org/hamcrest/hamcrest/2.1/hamcrest-2.1.jar:/Users/sangram.das/.m2/repository/org/ccil/cowan/tagsoup/tagsoup/1.2.1/tagsoup-1.2.1.jar:/Users/sangram.das/.m2/repository/io/rest-assured/json-path/5.3.0/json-path-5.3.0.jar:/Users/sangram.das/.m2/repository/org/apache/groovy/groovy-json/4.0.6/groovy-json-4.0.6.jar:/Users/sangram.das/.m2/repository/io/rest-assured/rest-assured-common/5.3.0/rest-assured-common-5.3.0.jar:/Users/sangram.das/.m2/repository/io/rest-assured/xml-path/5.3.0/xml-path-5.3.0.jar:/Users/sangram.das/.m2/repository/org/testng/testng/7.7.1/testng-7.7.1.jar:/Users/sangram.das/.m2/repository/org/slf4j/slf4j-api/1.7.36/slf4j-api-1.7.36.jar:/Users/sangram.das/.m2/repository/com/beust/jcommander/1.82/jcommander-1.82.jar:/Users/sangram.das/.m2/repository/org/webjars/jquery/3.6.1/jquery-3.6.1.jar:/Users/sangram.das/.m2/repository/com/fasterxml/jackson/core/jackson-databind/2.15.1/jackson-databind-2.15.1.jar:/Users/sangram.das/.m2/repository/com/fasterxml/jackson/core/jackson-annotations/2.15.1/jackson-annotations-2.15.1.jar:/Users/sangram.das/.m2/repository/com/fasterxml/jackson/core/jackson-core/2.15.1/jackson-core-2.15.1.jar:/Users/sangram.das/.m2/repository/com/google/code/gson/gson/2.10.1/gson-2.10.1.jar:/Users/sangram.das/.m2/repository/commons-io/commons-io/2.11.0/commons-io-2.11.0.jar:/Users/sangram.das/.m2/repository/org/projectlombok/lombok/1.18.26/lombok-1.18.26.jar:/Users/sangram.das/.m2/repository/io/rest-assured/json-schema-validator/5.3.0/json-schema-validator-5.3.0.jar:/Users/sangram.das/.m2/repository/com/github/java-json-tools/json-schema-validator/2.2.14/json-schema-validator-2.2.14.jar:/Users/sangram.das/.m2/repository/com/google/guava/guava/28.2-android/guava-28.2-android.jar:/Users/sangram.das/.m2/repository/com/google/guava/failureaccess/1.0.1/failureaccess-1.0.1.jar:/Users/sangram.das/.m2/repository/com/google/guava/listenablefuture/9999.0-empty-to-avoid-conflict-with-guava/listenablefuture-9999.0-empty-to-avoid-conflict-with-guava.jar:/Users/sangram.das/.m2/repository/org/checkerframework/checker-compat-qual/2.5.5/checker-compat-qual-2.5.5.jar:/Users/sangram.das/.m2/repository/com/google/errorprone/error_prone_annotations/2.3.4/error_prone_annotations-2.3.4.jar:/Users/sangram.das/.m2/repository/com/google/j2objc/j2objc-annotations/1.3/j2objc-annotations-1.3.jar:/Users/sangram.das/.m2/repository/com/github/java-json-tools/jackson-coreutils-equivalence/1.0/jackson-coreutils-equivalence-1.0.jar:/Users/sangram.das/.m2/repository/com/github/java-json-tools/jackson-coreutils/2.0/jackson-coreutils-2.0.jar:/Users/sangram.das/.m2/repository/com/github/java-json-tools/msg-simple/1.2/msg-simple-1.2.jar:/Users/sangram.das/.m2/repository/com/github/java-json-tools/btf/1.3/btf-1.3.jar:/Users/sangram.das/.m2/repository/com/github/java-json-tools/json-schema-core/1.2.14/json-schema-core-1.2.14.jar:/Users/sangram.das/.m2/repository/com/github/java-json-tools/uri-template/0.10/uri-template-0.10.jar:/Users/sangram.das/.m2/repository/org/mozilla/rhino/1.7.7.2/rhino-1.7.7.2.jar:/Users/sangram.das/.m2/repository/com/sun/mail/mailapi/1.6.2/mailapi-1.6.2.jar:/Users/sangram.das/.m2/repository/joda-time/joda-time/2.10.5/joda-time-2.10.5.jar:/Users/sangram.das/.m2/repository/com/googlecode/libphonenumber/libphonenumber/8.11.1/libphonenumber-8.11.1.jar:/Users/sangram.das/.m2/repository/com/google/code/findbugs/jsr305/3.0.2/jsr305-3.0.2.jar:/Users/sangram.das/.m2/repository/net/sf/jopt-simple/jopt-simple/5.0.4/jopt-simple-5.0.4.jar:/Users/sangram.das/.m2/repository/io/qameta/allure/allure-maven/2.8/allure-maven-2.8.jar:/Users/sangram.das/.m2/repository/org/apache/maven/maven-core/3.3.9/maven-core-3.3.9.jar:/Users/sangram.das/.m2/repository/org/apache/maven/maven-model/3.3.9/maven-model-3.3.9.jar:/Users/sangram.das/.m2/repository/org/apache/maven/maven-settings/3.3.9/maven-settings-3.3.9.jar:/Users/sangram.das/.m2/repository/org/apache/maven/maven-settings-builder/3.3.9/maven-settings-builder-3.3.9.jar:/Users/sangram.das/.m2/repository/org/apache/maven/maven-builder-support/3.3.9/maven-builder-support-3.3.9.jar:/Users/sangram.das/.m2/repository/org/apache/maven/maven-repository-metadata/3.3.9/maven-repository-metadata-3.3.9.jar:/Users/sangram.das/.m2/repository/org/apache/maven/maven-artifact/3.3.9/maven-artifact-3.3.9.jar:/Users/sangram.das/.m2/repository/org/apache/maven/maven-plugin-api/3.3.9/maven-plugin-api-3.3.9.jar:/Users/sangram.das/.m2/repository/org/apache/maven/maven-model-builder/3.3.9/maven-model-builder-3.3.9.jar:/Users/sangram.das/.m2/repository/org/apache/maven/maven-aether-provider/3.3.9/maven-aether-provider-3.3.9.jar:/Users/sangram.das/.m2/repository/org/eclipse/aether/aether-spi/1.0.2.v20150114/aether-spi-1.0.2.v20150114.jar:/Users/sangram.das/.m2/repository/org/eclipse/aether/aether-impl/1.0.2.v20150114/aether-impl-1.0.2.v20150114.jar:/Users/sangram.das/.m2/repository/org/eclipse/aether/aether-api/1.0.2.v20150114/aether-api-1.0.2.v20150114.jar:/Users/sangram.das/.m2/repository/org/eclipse/aether/aether-util/1.0.2.v20150114/aether-util-1.0.2.v20150114.jar:/Users/sangram.das/.m2/repository/org/eclipse/sisu/org.eclipse.sisu.plexus/0.3.2/org.eclipse.sisu.plexus-0.3.2.jar:/Users/sangram.das/.m2/repository/javax/enterprise/cdi-api/1.0/cdi-api-1.0.jar:/Users/sangram.das/.m2/repository/javax/annotation/jsr250-api/1.0/jsr250-api-1.0.jar:/Users/sangram.das/.m2/repository/org/eclipse/sisu/org.eclipse.sisu.inject/0.3.2/org.eclipse.sisu.inject-0.3.2.jar:/Users/sangram.das/.m2/repository/com/google/inject/guice/4.0/guice-4.0-no_aop.jar:/Users/sangram.das/.m2/repository/javax/inject/javax.inject/1/javax.inject-1.jar:/Users/sangram.das/.m2/repository/aopalliance/aopalliance/1.0/aopalliance-1.0.jar:/Users/sangram.das/.m2/repository/org/codehaus/plexus/plexus-interpolation/1.21/plexus-interpolation-1.21.jar:/Users/sangram.das/.m2/repository/org/codehaus/plexus/plexus-utils/3.0.22/plexus-utils-3.0.22.jar:/Users/sangram.das/.m2/repository/org/codehaus/plexus/plexus-classworlds/2.5.2/plexus-classworlds-2.5.2.jar:/Users/sangram.das/.m2/repository/org/codehaus/plexus/plexus-component-annotations/1.6/plexus-component-annotations-1.6.jar:/Users/sangram.das/.m2/repository/org/sonatype/plexus/plexus-sec-dispatcher/1.3/plexus-sec-dispatcher-1.3.jar:/Users/sangram.das/.m2/repository/org/sonatype/plexus/plexus-cipher/1.4/plexus-cipher-1.4.jar:/Users/sangram.das/.m2/repository/org/apache/maven/reporting/maven-reporting-impl/2.4/maven-reporting-impl-2.4.jar:/Users/sangram.das/.m2/repository/org/apache/maven/reporting/maven-reporting-api/3.0/maven-reporting-api-3.0.jar:/Users/sangram.das/.m2/repository/org/apache/maven/maven-project/2.2.1/maven-project-2.2.1.jar:/Users/sangram.das/.m2/repository/org/apache/maven/maven-profile/2.2.1/maven-profile-2.2.1.jar:/Users/sangram.das/.m2/repository/org/apache/maven/maven-artifact-manager/2.2.1/maven-artifact-manager-2.2.1.jar:/Users/sangram.das/.m2/repository/backport-util-concurrent/backport-util-concurrent/3.1/backport-util-concurrent-3.1.jar:/Users/sangram.das/.m2/repository/org/apache/maven/maven-plugin-registry/2.2.1/maven-plugin-registry-2.2.1.jar:/Users/sangram.das/.m2/repository/org/codehaus/plexus/plexus-container-default/1.0-alpha-9-stable-1/plexus-container-default-1.0-alpha-9-stable-1.jar:/Users/sangram.das/.m2/repository/junit/junit/3.8.1/junit-3.8.1.jar:/Users/sangram.das/.m2/repository/classworlds/classworlds/1.1-alpha-2/classworlds-1.1-alpha-2.jar:/Users/sangram.das/.m2/repository/org/apache/maven/shared/maven-shared-utils/0.6/maven-shared-utils-0.6.jar:/Users/sangram.das/.m2/repository/org/apache/maven/doxia/doxia-sink-api/1.6/doxia-sink-api-1.6.jar:/Users/sangram.das/.m2/repository/org/apache/maven/doxia/doxia-logging-api/1.6/doxia-logging-api-1.6.jar:/Users/sangram.das/.m2/repository/org/apache/maven/doxia/doxia-core/1.6/doxia-core-1.6.jar:/Users/sangram.das/.m2/repository/xerces/xercesImpl/2.9.1/xercesImpl-2.9.1.jar:/Users/sangram.das/.m2/repository/commons-lang/commons-lang/2.4/commons-lang-2.4.jar:/Users/sangram.das/.m2/repository/xmlunit/xmlunit/1.5/xmlunit-1.5.jar:/Users/sangram.das/.m2/repository/org/apache/maven/doxia/doxia-site-renderer/1.6/doxia-site-renderer-1.6.jar:/Users/sangram.das/.m2/repository/org/apache/maven/doxia/doxia-decoration-model/1.6/doxia-decoration-model-1.6.jar:/Users/sangram.das/.m2/repository/org/apache/maven/doxia/doxia-module-xhtml/1.6/doxia-module-xhtml-1.6.jar:/Users/sangram.das/.m2/repository/org/apache/maven/doxia/doxia-module-fml/1.6/doxia-module-fml-1.6.jar:/Users/sangram.das/.m2/repository/org/codehaus/plexus/plexus-i18n/1.0-beta-7/plexus-i18n-1.0-beta-7.jar:/Users/sangram.das/.m2/repository/org/codehaus/plexus/plexus-velocity/1.1.7/plexus-velocity-1.1.7.jar:/Users/sangram.das/.m2/repository/org/apache/velocity/velocity-tools/2.0/velocity-tools-2.0.jar:/Users/sangram.das/.m2/repository/commons-chain/commons-chain/1.1/commons-chain-1.1.jar:/Users/sangram.das/.m2/repository/dom4j/dom4j/1.1/dom4j-1.1.jar:/Users/sangram.das/.m2/repository/sslext/sslext/1.2-0/sslext-1.2-0.jar:/Users/sangram.das/.m2/repository/org/apache/struts/struts-core/1.3.8/struts-core-1.3.8.jar:/Users/sangram.das/.m2/repository/antlr/antlr/2.7.2/antlr-2.7.2.jar:/Users/sangram.das/.m2/repository/org/apache/struts/struts-taglib/1.3.8/struts-taglib-1.3.8.jar:/Users/sangram.das/.m2/repository/org/apache/struts/struts-tiles/1.3.8/struts-tiles-1.3.8.jar:/Users/sangram.das/.m2/repository/commons-validator/commons-validator/1.4.1/commons-validator-1.4.1.jar:/Users/sangram.das/.m2/repository/commons-digester/commons-digester/1.8.1/commons-digester-1.8.1.jar:/Users/sangram.das/.m2/repository/commons-beanutils/commons-beanutils/1.9.3/commons-beanutils-1.9.3.jar:/Users/sangram.das/.m2/repository/commons-collections/commons-collections/3.2.2/commons-collections-3.2.2.jar:/Users/sangram.das/.m2/repository/net/lingala/zip4j/zip4j/1.3.2/zip4j-1.3.2.jar:/Users/sangram.das/.m2/repository/org/apache/commons/commons-exec/1.3/commons-exec-1.3.jar:/Users/sangram.das/.m2/repository/org/apache/maven/plugin-tools/maven-plugin-annotations/3.2/maven-plugin-annotations-3.2.jar:/Users/sangram.das/.m2/repository/org/apache/maven/plugins/maven-jxr-plugin/2.5/maven-jxr-plugin-2.5.jar:/Users/sangram.das/.m2/repository/org/apache/velocity/velocity/1.5/velocity-1.5.jar:/Users/sangram.das/.m2/repository/oro/oro/2.0.8/oro-2.0.8.jar:/Users/sangram.das/.m2/repository/org/apache/maven/maven-jxr/2.5/maven-jxr-2.5.jar:/Users/sangram.das/.m2/repository/org/apache/maven/wagon/wagon-provider-api/1.0/wagon-provider-api-1.0.jar:/Users/sangram.das/.m2/repository/xml-apis/xml-apis/1.0.b2/xml-apis-1.0.b2.jar:/Users/sangram.das/.m2/repository/xalan/xalan/2.7.0/xalan-2.7.0.jar:/Users/sangram.das/.m2/repository/com/aventstack/extentreports/5.0.9/extentreports-5.0.9.jar:/Users/sangram.das/.m2/repository/io/reactivex/rxjava3/rxjava/3.0.4/rxjava-3.0.4.jar:/Users/sangram.das/.m2/repository/org/reactivestreams/reactive-streams/1.0.3/reactive-streams-1.0.3.jar:/Users/sangram.das/.m2/repository/org/freemarker/freemarker/2.3.30/freemarker-2.3.30.jar:/Users/sangram.das/.m2/repository/com/github/javafaker/javafaker/1.0.2/javafaker-1.0.2.jar:/Users/sangram.das/.m2/repository/org/yaml/snakeyaml/1.23/snakeyaml-1.23-android.jar:/Users/sangram.das/.m2/repository/com/github/mifmif/generex/1.0.2/generex-1.0.2.jar:/Users/sangram.das/.m2/repository/dk/brics/automaton/automaton/1.11-8/automaton-1.11-8.jar:/Users/sangram.das/.m2/repository/org/apache/commons/commons-lang3/3.12.0/commons-lang3-3.12.0.jar:"/>
    <property name="java.vm.vendor" value="Oracle Corporation"/>
    <property name="sun.arch.data.model" value="64"/>
    <property name="java.vendor.url" value="https://java.oracle.com/"/>
    <property name="user.timezone" value="Asia/Kolkata"/>
    <property name="os.name" value="Mac OS X"/>
    <property name="java.vm.specification.version" value="17"/>
    <property name="sun.java.launcher" value="SUN_STANDARD"/>
    <property name="user.country" value="IN"/>
    <property name="sun.boot.library.path" value="/Library/Java/JavaVirtualMachines/jdk-17.jdk/Contents/Home/lib"/>
    <property name="sun.java.command" value="/Users/sangram.das/GIT/RestAssueredAutomationJenkins/target/surefire/surefirebooter15201450256729980170.jar /Users/sangram.das/GIT/RestAssueredAutomationJenkins/target/surefire 2023-05-30T21-28-36_964-jvmRun1 surefire451138776822301610tmp surefire_02015680455843413849tmp"/>
    <property name="jdk.debug" value="release"/>
    <property name="surefire.test.class.path" value="/Users/sangram.das/GIT/RestAssueredAutomationJenkins/target/test-classes:/Users/sangram.das/GIT/RestAssueredAutomationJenkins/target/classes:/Users/sangram.das/.m2/repository/io/rest-assured/rest-assured/5.3.0/rest-assured-5.3.0.jar:/Users/sangram.das/.m2/repository/org/apache/groovy/groovy/4.0.6/groovy-4.0.6.jar:/Users/sangram.das/.m2/repository/org/apache/groovy/groovy-xml/4.0.6/groovy-xml-4.0.6.jar:/Users/sangram.das/.m2/repository/org/apache/httpcomponents/httpclient/4.5.13/httpclient-4.5.13.jar:/Users/sangram.das/.m2/repository/org/apache/httpcomponents/httpcore/4.4.13/httpcore-4.4.13.jar:/Users/sangram.das/.m2/repository/commons-logging/commons-logging/1.2/commons-logging-1.2.jar:/Users/sangram.das/.m2/repository/commons-codec/commons-codec/1.11/commons-codec-1.11.jar:/Users/sangram.das/.m2/repository/org/apache/httpcomponents/httpmime/4.5.13/httpmime-4.5.13.jar:/Users/sangram.das/.m2/repository/org/hamcrest/hamcrest/2.1/hamcrest-2.1.jar:/Users/sangram.das/.m2/repository/org/ccil/cowan/tagsoup/tagsoup/1.2.1/tagsoup-1.2.1.jar:/Users/sangram.das/.m2/repository/io/rest-assured/json-path/5.3.0/json-path-5.3.0.jar:/Users/sangram.das/.m2/repository/org/apache/groovy/groovy-json/4.0.6/groovy-json-4.0.6.jar:/Users/sangram.das/.m2/repository/io/rest-assured/rest-assured-common/5.3.0/rest-assured-common-5.3.0.jar:/Users/sangram.das/.m2/repository/io/rest-assured/xml-path/5.3.0/xml-path-5.3.0.jar:/Users/sangram.das/.m2/repository/org/testng/testng/7.7.1/testng-7.7.1.jar:/Users/sangram.das/.m2/repository/org/slf4j/slf4j-api/1.7.36/slf4j-api-1.7.36.jar:/Users/sangram.das/.m2/repository/com/beust/jcommander/1.82/jcommander-1.82.jar:/Users/sangram.das/.m2/repository/org/webjars/jquery/3.6.1/jquery-3.6.1.jar:/Users/sangram.das/.m2/repository/com/fasterxml/jackson/core/jackson-databind/2.15.1/jackson-databind-2.15.1.jar:/Users/sangram.das/.m2/repository/com/fasterxml/jackson/core/jackson-annotations/2.15.1/jackson-annotations-2.15.1.jar:/Users/sangram.das/.m2/repository/com/fasterxml/jackson/core/jackson-core/2.15.1/jackson-core-2.15.1.jar:/Users/sangram.das/.m2/repository/com/google/code/gson/gson/2.10.1/gson-2.10.1.jar:/Users/sangram.das/.m2/repository/commons-io/commons-io/2.11.0/commons-io-2.11.0.jar:/Users/sangram.das/.m2/repository/org/projectlombok/lombok/1.18.26/lombok-1.18.26.jar:/Users/sangram.das/.m2/repository/io/rest-assured/json-schema-validator/5.3.0/json-schema-validator-5.3.0.jar:/Users/sangram.das/.m2/repository/com/github/java-json-tools/json-schema-validator/2.2.14/json-schema-validator-2.2.14.jar:/Users/sangram.das/.m2/repository/com/google/guava/guava/28.2-android/guava-28.2-android.jar:/Users/sangram.das/.m2/repository/com/google/guava/failureaccess/1.0.1/failureaccess-1.0.1.jar:/Users/sangram.das/.m2/repository/com/google/guava/listenablefuture/9999.0-empty-to-avoid-conflict-with-guava/listenablefuture-9999.0-empty-to-avoid-conflict-with-guava.jar:/Users/sangram.das/.m2/repository/org/checkerframework/checker-compat-qual/2.5.5/checker-compat-qual-2.5.5.jar:/Users/sangram.das/.m2/repository/com/google/errorprone/error_prone_annotations/2.3.4/error_prone_annotations-2.3.4.jar:/Users/sangram.das/.m2/repository/com/google/j2objc/j2objc-annotations/1.3/j2objc-annotations-1.3.jar:/Users/sangram.das/.m2/repository/com/github/java-json-tools/jackson-coreutils-equivalence/1.0/jackson-coreutils-equivalence-1.0.jar:/Users/sangram.das/.m2/repository/com/github/java-json-tools/jackson-coreutils/2.0/jackson-coreutils-2.0.jar:/Users/sangram.das/.m2/repository/com/github/java-json-tools/msg-simple/1.2/msg-simple-1.2.jar:/Users/sangram.das/.m2/repository/com/github/java-json-tools/btf/1.3/btf-1.3.jar:/Users/sangram.das/.m2/repository/com/github/java-json-tools/json-schema-core/1.2.14/json-schema-core-1.2.14.jar:/Users/sangram.das/.m2/repository/com/github/java-json-tools/uri-template/0.10/uri-template-0.10.jar:/Users/sangram.das/.m2/repository/org/mozilla/rhino/1.7.7.2/rhino-1.7.7.2.jar:/Users/sangram.das/.m2/repository/com/sun/mail/mailapi/1.6.2/mailapi-1.6.2.jar:/Users/sangram.das/.m2/repository/joda-time/joda-time/2.10.5/joda-time-2.10.5.jar:/Users/sangram.das/.m2/repository/com/googlecode/libphonenumber/libphonenumber/8.11.1/libphonenumber-8.11.1.jar:/Users/sangram.das/.m2/repository/com/google/code/findbugs/jsr305/3.0.2/jsr305-3.0.2.jar:/Users/sangram.das/.m2/repository/net/sf/jopt-simple/jopt-simple/5.0.4/jopt-simple-5.0.4.jar:/Users/sangram.das/.m2/repository/io/qameta/allure/allure-maven/2.8/allure-maven-2.8.jar:/Users/sangram.das/.m2/repository/org/apache/maven/maven-core/3.3.9/maven-core-3.3.9.jar:/Users/sangram.das/.m2/repository/org/apache/maven/maven-model/3.3.9/maven-model-3.3.9.jar:/Users/sangram.das/.m2/repository/org/apache/maven/maven-settings/3.3.9/maven-settings-3.3.9.jar:/Users/sangram.das/.m2/repository/org/apache/maven/maven-settings-builder/3.3.9/maven-settings-builder-3.3.9.jar:/Users/sangram.das/.m2/repository/org/apache/maven/maven-builder-support/3.3.9/maven-builder-support-3.3.9.jar:/Users/sangram.das/.m2/repository/org/apache/maven/maven-repository-metadata/3.3.9/maven-repository-metadata-3.3.9.jar:/Users/sangram.das/.m2/repository/org/apache/maven/maven-artifact/3.3.9/maven-artifact-3.3.9.jar:/Users/sangram.das/.m2/repository/org/apache/maven/maven-plugin-api/3.3.9/maven-plugin-api-3.3.9.jar:/Users/sangram.das/.m2/repository/org/apache/maven/maven-model-builder/3.3.9/maven-model-builder-3.3.9.jar:/Users/sangram.das/.m2/repository/org/apache/maven/maven-aether-provider/3.3.9/maven-aether-provider-3.3.9.jar:/Users/sangram.das/.m2/repository/org/eclipse/aether/aether-spi/1.0.2.v20150114/aether-spi-1.0.2.v20150114.jar:/Users/sangram.das/.m2/repository/org/eclipse/aether/aether-impl/1.0.2.v20150114/aether-impl-1.0.2.v20150114.jar:/Users/sangram.das/.m2/repository/org/eclipse/aether/aether-api/1.0.2.v20150114/aether-api-1.0.2.v20150114.jar:/Users/sangram.das/.m2/repository/org/eclipse/aether/aether-util/1.0.2.v20150114/aether-util-1.0.2.v20150114.jar:/Users/sangram.das/.m2/repository/org/eclipse/sisu/org.eclipse.sisu.plexus/0.3.2/org.eclipse.sisu.plexus-0.3.2.jar:/Users/sangram.das/.m2/repository/javax/enterprise/cdi-api/1.0/cdi-api-1.0.jar:/Users/sangram.das/.m2/repository/javax/annotation/jsr250-api/1.0/jsr250-api-1.0.jar:/Users/sangram.das/.m2/repository/org/eclipse/sisu/org.eclipse.sisu.inject/0.3.2/org.eclipse.sisu.inject-0.3.2.jar:/Users/sangram.das/.m2/repository/com/google/inject/guice/4.0/guice-4.0-no_aop.jar:/Users/sangram.das/.m2/repository/javax/inject/javax.inject/1/javax.inject-1.jar:/Users/sangram.das/.m2/repository/aopalliance/aopalliance/1.0/aopalliance-1.0.jar:/Users/sangram.das/.m2/repository/org/codehaus/plexus/plexus-interpolation/1.21/plexus-interpolation-1.21.jar:/Users/sangram.das/.m2/repository/org/codehaus/plexus/plexus-utils/3.0.22/plexus-utils-3.0.22.jar:/Users/sangram.das/.m2/repository/org/codehaus/plexus/plexus-classworlds/2.5.2/plexus-classworlds-2.5.2.jar:/Users/sangram.das/.m2/repository/org/codehaus/plexus/plexus-component-annotations/1.6/plexus-component-annotations-1.6.jar:/Users/sangram.das/.m2/repository/org/sonatype/plexus/plexus-sec-dispatcher/1.3/plexus-sec-dispatcher-1.3.jar:/Users/sangram.das/.m2/repository/org/sonatype/plexus/plexus-cipher/1.4/plexus-cipher-1.4.jar:/Users/sangram.das/.m2/repository/org/apache/maven/reporting/maven-reporting-impl/2.4/maven-reporting-impl-2.4.jar:/Users/sangram.das/.m2/repository/org/apache/maven/reporting/maven-reporting-api/3.0/maven-reporting-api-3.0.jar:/Users/sangram.das/.m2/repository/org/apache/maven/maven-project/2.2.1/maven-project-2.2.1.jar:/Users/sangram.das/.m2/repository/org/apache/maven/maven-profile/2.2.1/maven-profile-2.2.1.jar:/Users/sangram.das/.m2/repository/org/apache/maven/maven-artifact-manager/2.2.1/maven-artifact-manager-2.2.1.jar:/Users/sangram.das/.m2/repository/backport-util-concurrent/backport-util-concurrent/3.1/backport-util-concurrent-3.1.jar:/Users/sangram.das/.m2/repository/org/apache/maven/maven-plugin-registry/2.2.1/maven-plugin-registry-2.2.1.jar:/Users/sangram.das/.m2/repository/org/codehaus/plexus/plexus-container-default/1.0-alpha-9-stable-1/plexus-container-default-1.0-alpha-9-stable-1.jar:/Users/sangram.das/.m2/repository/junit/junit/3.8.1/junit-3.8.1.jar:/Users/sangram.das/.m2/repository/classworlds/classworlds/1.1-alpha-2/classworlds-1.1-alpha-2.jar:/Users/sangram.das/.m2/repository/org/apache/maven/shared/maven-shared-utils/0.6/maven-shared-utils-0.6.jar:/Users/sangram.das/.m2/repository/org/apache/maven/doxia/doxia-sink-api/1.6/doxia-sink-api-1.6.jar:/Users/sangram.das/.m2/repository/org/apache/maven/doxia/doxia-logging-api/1.6/doxia-logging-api-1.6.jar:/Users/sangram.das/.m2/repository/org/apache/maven/doxia/doxia-core/1.6/doxia-core-1.6.jar:/Users/sangram.das/.m2/repository/xerces/xercesImpl/2.9.1/xercesImpl-2.9.1.jar:/Users/sangram.das/.m2/repository/commons-lang/commons-lang/2.4/commons-lang-2.4.jar:/Users/sangram.das/.m2/repository/xmlunit/xmlunit/1.5/xmlunit-1.5.jar:/Users/sangram.das/.m2/repository/org/apache/maven/doxia/doxia-site-renderer/1.6/doxia-site-renderer-1.6.jar:/Users/sangram.das/.m2/repository/org/apache/maven/doxia/doxia-decoration-model/1.6/doxia-decoration-model-1.6.jar:/Users/sangram.das/.m2/repository/org/apache/maven/doxia/doxia-module-xhtml/1.6/doxia-module-xhtml-1.6.jar:/Users/sangram.das/.m2/repository/org/apache/maven/doxia/doxia-module-fml/1.6/doxia-module-fml-1.6.jar:/Users/sangram.das/.m2/repository/org/codehaus/plexus/plexus-i18n/1.0-beta-7/plexus-i18n-1.0-beta-7.jar:/Users/sangram.das/.m2/repository/org/codehaus/plexus/plexus-velocity/1.1.7/plexus-velocity-1.1.7.jar:/Users/sangram.das/.m2/repository/org/apache/velocity/velocity-tools/2.0/velocity-tools-2.0.jar:/Users/sangram.das/.m2/repository/commons-chain/commons-chain/1.1/commons-chain-1.1.jar:/Users/sangram.das/.m2/repository/dom4j/dom4j/1.1/dom4j-1.1.jar:/Users/sangram.das/.m2/repository/sslext/sslext/1.2-0/sslext-1.2-0.jar:/Users/sangram.das/.m2/repository/org/apache/struts/struts-core/1.3.8/struts-core-1.3.8.jar:/Users/sangram.das/.m2/repository/antlr/antlr/2.7.2/antlr-2.7.2.jar:/Users/sangram.das/.m2/repository/org/apache/struts/struts-taglib/1.3.8/struts-taglib-1.3.8.jar:/Users/sangram.das/.m2/repository/org/apache/struts/struts-tiles/1.3.8/struts-tiles-1.3.8.jar:/Users/sangram.das/.m2/repository/commons-validator/commons-validator/1.4.1/commons-validator-1.4.1.jar:/Users/sangram.das/.m2/repository/commons-digester/commons-digester/1.8.1/commons-digester-1.8.1.jar:/Users/sangram.das/.m2/repository/commons-beanutils/commons-beanutils/1.9.3/commons-beanutils-1.9.3.jar:/Users/sangram.das/.m2/repository/commons-collections/commons-collections/3.2.2/commons-collections-3.2.2.jar:/Users/sangram.das/.m2/repository/net/lingala/zip4j/zip4j/1.3.2/zip4j-1.3.2.jar:/Users/sangram.das/.m2/repository/org/apache/commons/commons-exec/1.3/commons-exec-1.3.jar:/Users/sangram.das/.m2/repository/org/apache/maven/plugin-tools/maven-plugin-annotations/3.2/maven-plugin-annotations-3.2.jar:/Users/sangram.das/.m2/repository/org/apache/maven/plugins/maven-jxr-plugin/2.5/maven-jxr-plugin-2.5.jar:/Users/sangram.das/.m2/repository/org/apache/velocity/velocity/1.5/velocity-1.5.jar:/Users/sangram.das/.m2/repository/oro/oro/2.0.8/oro-2.0.8.jar:/Users/sangram.das/.m2/repository/org/apache/maven/maven-jxr/2.5/maven-jxr-2.5.jar:/Users/sangram.das/.m2/repository/org/apache/maven/wagon/wagon-provider-api/1.0/wagon-provider-api-1.0.jar:/Users/sangram.das/.m2/repository/xml-apis/xml-apis/1.0.b2/xml-apis-1.0.b2.jar:/Users/sangram.das/.m2/repository/xalan/xalan/2.7.0/xalan-2.7.0.jar:/Users/sangram.das/.m2/repository/com/aventstack/extentreports/5.0.9/extentreports-5.0.9.jar:/Users/sangram.das/.m2/repository/io/reactivex/rxjava3/rxjava/3.0.4/rxjava-3.0.4.jar:/Users/sangram.das/.m2/repository/org/reactivestreams/reactive-streams/1.0.3/reactive-streams-1.0.3.jar:/Users/sangram.das/.m2/repository/org/freemarker/freemarker/2.3.30/freemarker-2.3.30.jar:/Users/sangram.das/.m2/repository/com/github/javafaker/javafaker/1.0.2/javafaker-1.0.2.jar:/Users/sangram.das/.m2/repository/org/yaml/snakeyaml/1.23/snakeyaml-1.23-android.jar:/Users/sangram.das/.m2/repository/com/github/mifmif/generex/1.0.2/generex-1.0.2.jar:/Users/sangram.das/.m2/repository/dk/brics/automaton/automaton/1.11-8/automaton-1.11-8.jar:/Users/sangram.das/.m2/repository/org/apache/commons/commons-lang3/3.12.0/commons-lang3-3.12.0.jar:"/>
    <property name="sun.cpu.endian" value="little"/>
    <property name="user.home" value="/Users/sangram.das"/>
    <property name="user.language" value="en"/>
    <property name="java.specification.vendor" value="Oracle Corporation"/>
    <property name="java.version.date" value="2023-01-17"/>
    <property name="java.home" value="/Library/Java/JavaVirtualMachines/jdk-17.jdk/Contents/Home"/>
    <property name="file.separator" value="/"/>
    <property name="basedir" value="/Users/sangram.das/GIT/RestAssueredAutomationJenkins"/>
    <property name="java.vm.compressedOopsMode" value="Zero based"/>
    <property name="line.separator" value="&#10;"/>
    <property name="java.vm.specification.vendor" value="Oracle Corporation"/>
    <property name="java.specification.name" value="Java Platform API Specification"/>
    <property name="surefire.real.class.path" value="/Users/sangram.das/GIT/RestAssueredAutomationJenkins/target/surefire/surefirebooter15201450256729980170.jar"/>
    <property name="sun.management.compiler" value="HotSpot 64-Bit Tiered Compilers"/>
    <property name="java.runtime.version" value="17.0.6+9-LTS-190"/>
    <property name="user.name" value="sangram.das"/>
    <property name="path.separator" value=":"/>
    <property name="os.version" value="13.2.1"/>
    <property name="java.runtime.name" value="Java(TM) SE Runtime Environment"/>
    <property name="file.encoding" value="US-ASCII"/>
    <property name="java.vm.name" value="Java HotSpot(TM) 64-Bit Server VM"/>
    <property name="localRepository" value="/Users/sangram.das/.m2/repository"/>
    <property name="java.vendor.url.bug" value="https://bugreport.java.com/bugreport/"/>
    <property name="java.io.tmpdir" value="/var/folders/3s/2mysdn1s04s_3p1s0y3sfjm40000gp/T/"/>
    <property name="java.version" value="17.0.6"/>
    <property name="user.dir" value="/Users/sangram.das/GIT/RestAssueredAutomationJenkins"/>
    <property name="os.arch" value="x86_64"/>
    <property name="java.vm.specification.name" value="Java Virtual Machine Specification"/>
    <property name="env" value="Stage"/>
    <property name="native.encoding" value="US-ASCII"/>
    <property name="java.library.path" value="/Users/sangram.das/Library/Java/Extensions:/Library/Java/Extensions:/Network/Library/Java/Extensions:/System/Library/Java/Extensions:/usr/lib/java:."/>
    <property name="java.vm.info" value="mixed mode, sharing"/>
    <property name="java.vendor" value="Oracle Corporation"/>
    <property name="java.vm.version" value="17.0.6+9-LTS-190"/>
    <property name="sun.io.unicode.encoding" value="UnicodeBig"/>
    <property name="java.class.version" value="61.0"/>
  </properties>
  <testcase name="createAirLine" classname="GenericFramework.Tests.AirlinesTest" time="1.875">
    <system-out><![CDATA[Request method:	POST
Request URI:	https://api.instantwebtools.net/v1/airlines
Proxy:			<none>
Request params:	<none>
Query params:	<none>
Form params:	<none>
Path params:	<none>
Headers:		Accept=*/*
				Content-Type=application/json
Cookies:		<none>
Multiparts:		<none>
Body:
{
    "id": 2347234,
    "name": "Sri Lankan Airways",
    "country": "Sri Lanka",
    "logo": "https://upload.wikimedia.org/wikipedia/en/thumb/9/9b/Qatar_Airways_Logo.svg/sri_lanka.png",
    "slogan": "From Sri Lanka",
    "head_quaters": "Katunayake, Sri Lanka",
    "website": "www.srilankaairways.com",
    "established": "1990"
}
HTTP/1.1 200 OK
Server: nginx/1.18.0
Date: Tue, 30 May 2023 15:58:39 GMT
Content-Type: application/json; charset=utf-8
Content-Length: 326
Connection: keep-alive
X-Powered-By: Express
Access-Control-Allow-Origin: *
ETag: W/"146-SFGVtMI7lYDNWOr4miIDf4GQXqM"

{
    "_id": "64761d2f69732e77827ff9d3",
    "id": 2347234,
    "name": "Sri Lankan Airways",
    "country": "Sri Lanka",
    "logo": "https://upload.wikimedia.org/wikipedia/en/thumb/9/9b/Qatar_Airways_Logo.svg/sri_lanka.png",
    "slogan": "From Sri Lanka",
    "head_quaters": "Katunayake, Sri Lanka",
    "website": "www.srilankaairways.com",
    "established": "1990",
    "__v": 0
}
]]></system-out>
    <system-err><![CDATA[SLF4J: Failed to load class "org.slf4j.impl.StaticLoggerBinder".
SLF4J: Defaulting to no-operation (NOP) logger implementation
SLF4J: See http://www.slf4j.org/codes.html#StaticLoggerBinder for further details.
]]></system-err>
  </testcase>
  <testcase name="createAirLineAsMapPayload" classname="GenericFramework.Tests.AirlinesTest" time="0.963">
    <system-out><![CDATA[Request method:	POST
Request URI:	https://api.instantwebtools.net/v1/airlines
Proxy:			<none>
Request params:	<none>
Query params:	<none>
Form params:	<none>
Path params:	<none>
Headers:		Accept=*/*
				Content-Type=application/json
Cookies:		<none>
Multiparts:		<none>
Body:
{
    "id": 12547634,
    "name": "Sri Lankan Airways",
    "country": "Sri Lanka",
    "logo": "https://upload.wikimedia.org/wikipedia/en/thumb/9/9b/Qatar_Airways_Logo.svg/sri_lanka.png",
    "slogan": "From Sri Lanka",
    "head_quaters": "Katunayake, Sri Lanka",
    "website": "www.srilankaairways.com",
    "established": "1990"
}
HTTP/1.1 200 OK
Server: nginx/1.18.0
Date: Tue, 30 May 2023 15:58:40 GMT
Content-Type: application/json; charset=utf-8
Content-Length: 327
Connection: keep-alive
X-Powered-By: Express
Access-Control-Allow-Origin: *
ETag: W/"147-vezL/5J6LxHdGVtYnHCggRwyO3g"

{
    "_id": "64761d3069732e01177ff9d6",
    "id": 12547634,
    "name": "Sri Lankan Airways",
    "country": "Sri Lanka",
    "logo": "https://upload.wikimedia.org/wikipedia/en/thumb/9/9b/Qatar_Airways_Logo.svg/sri_lanka.png",
    "slogan": "From Sri Lanka",
    "head_quaters": "Katunayake, Sri Lanka",
    "website": "www.srilankaairways.com",
    "established": "1990",
    "__v": 0
}
]]></system-out>
  </testcase>
</testsuite>