<?xml version="1.0" encoding="UTF-8"?>
<!-- Generated by org.testng.reporters.JUnitReportReporter -->
<testsuite hostname="SANDAS-BLRM21.local" failures="0" tests="1" name="TestCases.MaxPanelAPI" time="8.529" errors="0" timestamp="2023-05-26T02:28:57 IST" skipped="0">
  <testcase classname="TestCases.MaxPanelAPI" name="maxpanelSchemaValidation" time="8.529"/>
  <system-out/>
</testsuite> <!-- TestCases.MaxPanelAPI -->
