<?xml version="1.0" encoding="UTF-8"?>
<!-- Generated by org.testng.reporters.JUnitReportReporter -->
<testsuite hostname="SANDAS-BLRM21.local" failures="0" tests="1" name="GenericFramework.Tests.AirlinesTest" time="2.368" errors="0" timestamp="2023-06-01T17:38:25 IST" skipped="0">
  <testcase classname="GenericFramework.Tests.AirlinesTest" name="createAirLine" time="2.368"/>
  <system-out/>
</testsuite> <!-- GenericFramework.Tests.AirlinesTest -->
