<?xml version="1.0" encoding="UTF-8"?>
<!-- Generated by org.testng.reporters.JUnitReportReporter -->
<testsuite hostname="SANDAS-BLRM21.local" failures="0" tests="2" name="GenericFramework.Tests.AirlinesTest" time="2.838" errors="0" timestamp="2023-05-30T21:28:40 IST" skipped="0">
  <testcase classname="GenericFramework.Tests.AirlinesTest" name="createAirLine" time="1.875"/>
  <system-out/>
  <testcase classname="GenericFramework.Tests.AirlinesTest" name="createAirLineAsMapPayload" time="0.963"/>
  <system-out/>
</testsuite> <!-- GenericFramework.Tests.AirlinesTest -->
